<?xml version="1.0" encoding="UTF-8"?>
<!-- Generated by org.testng.reporters.JUnitReportReporter -->
<testsuite hostname="DESKTOP-1V7ITL0" failures="0" tests="1" name="com.google.meet.Parameterized_testng" time="4.165" errors="0" timestamp="07 Mar 2024 20:54:00 GMT" skipped="0">
  <testcase classname="com.google.meet.Parameterized_testng" name="Valuepassed" time="4.165"/>
</testsuite> <!-- com.google.meet.Parameterized_testng -->
