<?xml version="1.0" encoding="UTF-8"?>
<!-- Generated by org.testng.reporters.JUnitReportReporter -->
<testsuite hostname="DESKTOP-1V7ITL0" failures="0" tests="2" name="com.google.meet.Grouping_Class" time="0.024" errors="0" timestamp="07 Mar 2024 19:51:52 GMT" skipped="0">
  <testcase classname="com.google.meet.Grouping_Class" name="wednesday" time="0.004"/>
  <testcase classname="com.google.meet.Grouping_Class" name="monday" time="0.020"/>
</testsuite> <!-- com.google.meet.Grouping_Class -->
