<?xml version="1.0" encoding="UTF-8"?>
<!-- Generated by org.testng.reporters.JUnitReportReporter -->
<testsuite hostname="DESKTOP-1V7ITL0" failures="0" tests="5" name="com.google.meet.Dependon_Method" time="0.030" errors="0" timestamp="07 Mar 2024 18:58:36 GMT" skipped="0">
  <testcase classname="com.google.meet.Dependon_Method" name="login" time="0.013"/>
  <testcase classname="com.google.meet.Dependon_Method" name="searchproduct" time="0.004"/>
  <testcase classname="com.google.meet.Dependon_Method" name="signout" time="0.005"/>
  <testcase classname="com.google.meet.Dependon_Method" name="addtocart" time="0.004"/>
  <testcase classname="com.google.meet.Dependon_Method" name="signup" time="0.004"/>
</testsuite> <!-- com.google.meet.Dependon_Method -->
