<?xml version="1.0" encoding="UTF-8"?>
<!-- Generated by org.testng.reporters.JUnitReportReporter -->
<testsuite hostname="DESKTOP-1V7ITL0" failures="0" tests="3" name="com.google.meet.Data_Provider" time="12.686" errors="0" timestamp="05 Mar 2024 21:14:04 GMT" skipped="0">
  <testcase classname="com.google.meet.Data_Provider" name="intializing" time="3.805"/>
  <testcase classname="com.google.meet.Data_Provider" name="intializing" time="3.490"/>
  <testcase classname="com.google.meet.Data_Provider" name="intializing" time="5.391"/>
</testsuite> <!-- com.google.meet.Data_Provider -->
