<?xml version="1.0" encoding="UTF-8"?>
<!-- Generated by org.testng.reporters.JUnitReportReporter -->
<testsuite hostname="DESKTOP-1V7ITL0" failures="0" tests="1" name="com.google.meet.Test_Case" time="0.019" errors="0" timestamp="25 Mar 2024 03:18:45 GMT" skipped="0">
  <testcase classname="com.google.meet.Test_Case" name="Testcase" time="0.019"/>
</testsuite> <!-- com.google.meet.Test_Case -->
