<?xml version="1.0" encoding="UTF-8"?>
<!-- Generated by org.testng.reporters.JUnitReportReporter -->
<testsuite hostname="DESKTOP-1V7ITL0" failures="0" tests="8" name="com.google.meet.Annotation_Test" time="5.008" errors="0" timestamp="06 Mar 2024 07:21:07 GMT" skipped="1">
  <testcase classname="com.google.meet.Annotation_Test" name="saturday" time="4.947"/>
  <testcase classname="com.google.meet.Annotation_Test" name="friday" time="0.017"/>
  <testcase classname="com.google.meet.Annotation_Test" name="friday" time="0.004"/>
  <testcase classname="com.google.meet.Annotation_Test" name="wednesday" time="0.008"/>
  <testcase classname="com.google.meet.Annotation_Test" name="monday" time="0.010"/>
  <testcase classname="com.google.meet.Annotation_Test" name="Tuesday" time="0.008"/>
  <testcase classname="com.google.meet.Annotation_Test" name="sunday" time="0.014"/>
  <testcase classname="com.google.meet.Annotation_Test" name="thursday">
    <skipped/>
  </testcase> <!-- thursday -->
</testsuite> <!-- com.google.meet.Annotation_Test -->
