<?xml version="1.0" encoding="UTF-8"?>
<!-- Generated by org.testng.reporters.JUnitReportReporter -->
<testsuite hostname="DESKTOP-1V7ITL0" failures="0" tests="2" name="com.google.meet.Parallel_testing" time="14.407" errors="0" timestamp="07 Mar 2024 20:08:58 GMT" skipped="0">
  <testcase classname="com.google.meet.Parallel_testing" name="Application_open1" time="6.710"/>
  <testcase classname="com.google.meet.Parallel_testing" name="Application_open" time="7.697"/>
</testsuite> <!-- com.google.meet.Parallel_testing -->
